<?xml version="1.0" encoding="UTF-8"?>
<testng-results skipped="0" failed="0" total="1" passed="1">
  <reporter-output>
  </reporter-output>
  <suite name="Default suite" duration-ms="9135" started-at="2017-05-20T14:28:28Z" finished-at="2017-05-20T14:28:37Z">
    <groups>
    </groups>
    <test name="Default test" duration-ms="9135" started-at="2017-05-20T14:28:28Z" finished-at="2017-05-20T14:28:37Z">
      <class name="main.runtest.RunTestCaseByPolicy">
        <test-method status="PASS" signature="t2()[pri:0, instance:main.runtest.RunTestCaseByPolicy@49fc609f]" name="t2" duration-ms="9115" started-at="2017-05-20T22:28:28Z" finished-at="2017-05-20T22:28:37Z">
          <reporter-output>
          </reporter-output>
        </test-method> <!-- t2 -->
      </class> <!-- main.runtest.RunTestCaseByPolicy -->
    </test> <!-- Default test -->
  </suite> <!-- Default suite -->
</testng-results>
